<?xml version="1.0" encoding="UTF-8"?>
<!-- Generated by org.testng.reporters.JUnitXMLReporter -->
<testsuite ignored="0" hostname="DESKTOP-FB00QN9" failures="0" tests="3" name="Default test" time="12.79" errors="0" timestamp="2025-03-05T09:30:57 EST">
  <testcase classname="mytest.tngmytest" name="Openapp" time="3.047"/>
  <testcase classname="mytest.tngmytest" name="Loginapp" time="6.304"/>
  <testcase classname="mytest.tngmytest" name="logout" time="3.368"/>
</testsuite> <!-- Default test -->
