<?xml version="1.0" encoding="UTF-8"?>
<!-- Generated by org.testng.reporters.JUnitXMLReporter -->
<testsuite ignored="0" hostname="DESKTOP-FB00QN9" failures="0" tests="4" name="Test" time="26.532" errors="0" timestamp="2025-03-05T09:36:17 EST">
  <testcase classname="mytest.MyDriver" name="LoginTest" time="13.377"/>
  <testcase classname="mytest.tngmytest" name="Openapp" time="3.15"/>
  <testcase classname="mytest.tngmytest" name="Loginapp" time="7.024"/>
  <testcase classname="mytest.tngmytest" name="logout" time="2.912"/>
</testsuite> <!-- Test -->
