<?xml version="1.0" encoding="UTF-8"?>
<testng-results ignored="0" total="4" passed="4" failed="0" skipped="0">
  <reporter-output>
  </reporter-output>
  <suite started-at="2025-03-05T09:35:50 EST" name="Suite" finished-at="2025-03-05T09:36:17 EST" duration-ms="26532">
    <groups>
    </groups>
    <test started-at="2025-03-05T09:35:50 EST" name="Test" finished-at="2025-03-05T09:36:17 EST" duration-ms="26532">
      <class name="mytest.MyDriver">
        <test-method signature="LoginTest()[pri:0, instance:mytest.MyDriver@6c6cb480]" started-at="2025-03-05T09:35:50 EST" name="LoginTest" finished-at="2025-03-05T09:36:04 EST" duration-ms="13377" status="PASS">
          <reporter-output>
          </reporter-output>
        </test-method> <!-- LoginTest -->
      </class> <!-- mytest.MyDriver -->
      <class name="mytest.tngmytest">
        <test-method signature="Openapp()[pri:0, instance:mytest.tngmytest@1b2c4efb]" started-at="2025-03-05T09:36:04 EST" name="Openapp" finished-at="2025-03-05T09:36:07 EST" duration-ms="3150" status="PASS">
          <reporter-output>
          </reporter-output>
        </test-method> <!-- Openapp -->
        <test-method signature="Loginapp()[pri:1, instance:mytest.tngmytest@1b2c4efb]" started-at="2025-03-05T09:36:07 EST" name="Loginapp" finished-at="2025-03-05T09:36:14 EST" duration-ms="7024" status="PASS">
          <reporter-output>
          </reporter-output>
        </test-method> <!-- Loginapp -->
        <test-method signature="logout()[pri:3, instance:mytest.tngmytest@1b2c4efb]" started-at="2025-03-05T09:36:14 EST" name="logout" finished-at="2025-03-05T09:36:17 EST" duration-ms="2912" status="PASS">
          <reporter-output>
          </reporter-output>
        </test-method> <!-- logout -->
      </class> <!-- mytest.tngmytest -->
    </test> <!-- Test -->
  </suite> <!-- Suite -->
</testng-results>
