<?xml version="1.0" encoding="UTF-8"?>
<!-- Generated by org.testng.reporters.JUnitReportReporter -->
<testsuite hostname="DESKTOP-FB00QN9" failures="0" tests="3" name="mytest.tngmytest" time="13.086" errors="0" timestamp="2025-03-05T09:36:17 EST" skipped="0">
  <testcase classname="mytest.tngmytest" name="Openapp" time="3.150"/>
  <testcase classname="mytest.tngmytest" name="Loginapp" time="7.024"/>
  <testcase classname="mytest.tngmytest" name="logout" time="2.912"/>
</testsuite> <!-- mytest.tngmytest -->
